02.02.2023 23:03:03 Сервер запущен
02.02.2023 23:03:03 SettingsParser загружен успешно, port: 8088, host: 127.0.0.1
02.02.2023 23:03:29 02:02:2023 23:03 fgfgf: подключился к чату.
02.02.2023 23:06:51 Сервер запущен
02.02.2023 23:06:51 SettingsParser загружен успешно, port: 8088, host: 127.0.0.1
02.02.2023 23:06:57 [02:02:2023 23:06] 5654: подключился к чату.
02.02.2023 23:08:49 [02:02:2023 23:08] 5654: fdgdfg
02.02.2023 23:12:11 [02:02:2023 23:12] fgdfg: подключился к чату.
02.02.2023 23:12:13 [02:02:2023 23:12] fgdfg: gdfgdf
02.02.2023 23:12:20 [02:02:2023 23:12] 5654: Пользователь 5654 отключился от чата
02.02.2023 23:12:29 [02:02:2023 23:12] dfgd: подключился к чату.
02.02.2023 23:12:31 [02:02:2023 23:12] fgdfg: dgdfg
02.02.2023 23:12:53 Сервер запущен
02.02.2023 23:12:53 SettingsParser загружен успешно, port: 8088, host: 127.0.0.1
02.02.2023 23:12:58 [02:02:2023 23:12] gfdg: подключился к чату.
02.02.2023 23:13:01 [02:02:2023 23:13] dgd: подключился к чату.
02.02.2023 23:13:02 [02:02:2023 23:13] dgd: dfgdfg
02.02.2023 23:13:06 [02:02:2023 23:13] gfdg: dgdf
02.02.2023 23:13:56 [02:02:2023 23:13] gfdg: Пользователь gfdg отключился от чата
02.02.2023 23:14:00 [02:02:2023 23:14] dff: подключился к чату.
02.02.2023 23:14:31 [02:02:2023 23:14] dff: Пользователь dff отключился от чата
